<?xml version="1.0" encoding="UTF-8"?>
<!-- Generated by org.testng.reporters.JUnitXMLReporter -->
<testsuite ignored="0" hostname="LAPTOP-1BGLIOF3" failures="0" tests="4" name="Default test" time="0.107" errors="0" timestamp="2023-03-03T17:33:29 IST">
  <testcase classname="banking.obs.practice.Demo" name="createTest" time="0.013"/>
  <testcase classname="banking.obs.practice.Demo" name="deleteTest" time="0.003"/>
  <testcase classname="banking.obs.practice.Demo" name="modifyTest" time="0.008"/>
  <testcase classname="banking.obs.practice.Demo" name="modifyTest" time="0.004"/>
</testsuite> <!-- Default test -->
