<?xml version="1.0" encoding="UTF-8"?>
<testng-results ignored="0" total="4" passed="4" failed="0" skipped="0">
  <reporter-output>
  </reporter-output>
  <suite started-at="2023-03-03T17:33:29 IST" name="Default suite" finished-at="2023-03-03T17:33:29 IST" duration-ms="107">
    <groups>
    </groups>
    <test started-at="2023-03-03T17:33:29 IST" name="Default test" finished-at="2023-03-03T17:33:29 IST" duration-ms="107">
      <class name="banking.obs.practice.Demo">
        <test-method signature="createTest()[pri:0, instance:banking.obs.practice.Demo@54a7079e]" started-at="2023-03-03T17:33:29 IST" name="createTest" finished-at="2023-03-03T17:33:29 IST" duration-ms="13" status="PASS">
          <reporter-output>
          </reporter-output>
        </test-method> <!-- createTest -->
        <test-method signature="deleteTest()[pri:0, instance:banking.obs.practice.Demo@54a7079e]" started-at="2023-03-03T17:33:29 IST" name="deleteTest" finished-at="2023-03-03T17:33:29 IST" duration-ms="3" status="PASS">
          <reporter-output>
          </reporter-output>
        </test-method> <!-- deleteTest -->
        <test-method signature="modifyTest()[pri:0, instance:banking.obs.practice.Demo@54a7079e]" started-at="2023-03-03T17:33:29 IST" name="modifyTest" finished-at="2023-03-03T17:33:29 IST" duration-ms="8" status="PASS">
          <reporter-output>
          </reporter-output>
        </test-method> <!-- modifyTest -->
        <test-method signature="modifyTest()[pri:0, instance:banking.obs.practice.Demo@54a7079e]" started-at="2023-03-03T17:33:29 IST" name="modifyTest" finished-at="2023-03-03T17:33:29 IST" duration-ms="4" status="PASS">
          <reporter-output>
          </reporter-output>
        </test-method> <!-- modifyTest -->
      </class> <!-- banking.obs.practice.Demo -->
    </test> <!-- Default test -->
  </suite> <!-- Default suite -->
</testng-results>
